Traceback (most recent call last):
  File "/home/superuser/anaconda3/envs/qe-mini-example/lib/python3.8/site-packages/jupyter_cache/executors/utils.py", line 51, in single_nb_execution
    executenb(
  File "/home/superuser/anaconda3/envs/qe-mini-example/lib/python3.8/site-packages/nbclient/client.py", line 1204, in execute
    return NotebookClient(nb=nb, resources=resources, km=km, **kwargs).execute()
  File "/home/superuser/anaconda3/envs/qe-mini-example/lib/python3.8/site-packages/nbclient/util.py", line 84, in wrapped
    return just_run(coro(*args, **kwargs))
  File "/home/superuser/anaconda3/envs/qe-mini-example/lib/python3.8/site-packages/nbclient/util.py", line 62, in just_run
    return loop.run_until_complete(coro)
  File "/home/superuser/anaconda3/envs/qe-mini-example/lib/python3.8/asyncio/base_events.py", line 616, in run_until_complete
    return future.result()
  File "/home/superuser/anaconda3/envs/qe-mini-example/lib/python3.8/site-packages/nbclient/client.py", line 663, in async_execute
    await self.async_execute_cell(
  File "/home/superuser/anaconda3/envs/qe-mini-example/lib/python3.8/site-packages/nbclient/client.py", line 965, in async_execute_cell
    await self._check_raise_for_error(cell, cell_index, exec_reply)
  File "/home/superuser/anaconda3/envs/qe-mini-example/lib/python3.8/site-packages/nbclient/client.py", line 862, in _check_raise_for_error
    raise CellExecutionError.from_cell_and_msg(cell, exec_reply_content)
nbclient.exceptions.CellExecutionError: An error occurred while executing the following cell:
------------------
import matplotlib.pyplot as plt
%matplotlib widgets
------------------

[0;31m---------------------------------------------------------------------------[0m
[0;31mKeyError[0m                                  Traceback (most recent call last)
Input [0;32mIn [1][0m, in [0;36m<cell line: 2>[0;34m()[0m
[1;32m      1[0m [38;5;28;01mimport[39;00m [38;5;21;01mmatplotlib[39;00m[38;5;21;01m.[39;00m[38;5;21;01mpyplot[39;00m [38;5;28;01mas[39;00m [38;5;21;01mplt[39;00m
[0;32m----> 2[0m [43mget_ipython[49m[43m([49m[43m)[49m[38;5;241;43m.[39;49m[43mrun_line_magic[49m[43m([49m[38;5;124;43m'[39;49m[38;5;124;43mmatplotlib[39;49m[38;5;124;43m'[39;49m[43m,[49m[43m [49m[38;5;124;43m'[39;49m[38;5;124;43mwidgets[39;49m[38;5;124;43m'[39;49m[43m)[49m

File [0;32m~/anaconda3/envs/qe-mini-example/lib/python3.8/site-packages/IPython/core/interactiveshell.py:2285[0m, in [0;36mInteractiveShell.run_line_magic[0;34m(self, magic_name, line, _stack_depth)[0m
[1;32m   2283[0m     kwargs[[38;5;124m'[39m[38;5;124mlocal_ns[39m[38;5;124m'[39m] [38;5;241m=[39m [38;5;28mself[39m[38;5;241m.[39mget_local_scope(stack_depth)
[1;32m   2284[0m [38;5;28;01mwith[39;00m [38;5;28mself[39m[38;5;241m.[39mbuiltin_trap:
[0;32m-> 2285[0m     result [38;5;241m=[39m [43mfn[49m[43m([49m[38;5;241;43m*[39;49m[43margs[49m[43m,[49m[43m [49m[38;5;241;43m*[39;49m[38;5;241;43m*[39;49m[43mkwargs[49m[43m)[49m
[1;32m   2286[0m [38;5;28;01mreturn[39;00m result

File [0;32m~/anaconda3/envs/qe-mini-example/lib/python3.8/site-packages/IPython/core/magics/pylab.py:99[0m, in [0;36mPylabMagics.matplotlib[0;34m(self, line)[0m
[1;32m     97[0m     [38;5;28mprint[39m([38;5;124m"[39m[38;5;124mAvailable matplotlib backends: [39m[38;5;132;01m%s[39;00m[38;5;124m"[39m [38;5;241m%[39m backends_list)
[1;32m     98[0m [38;5;28;01melse[39;00m:
[0;32m---> 99[0m     gui, backend [38;5;241m=[39m [38;5;28;43mself[39;49m[38;5;241;43m.[39;49m[43mshell[49m[38;5;241;43m.[39;49m[43menable_matplotlib[49m[43m([49m[43margs[49m[38;5;241;43m.[39;49m[43mgui[49m[38;5;241;43m.[39;49m[43mlower[49m[43m([49m[43m)[49m[43m [49m[38;5;28;43;01mif[39;49;00m[43m [49m[38;5;28;43misinstance[39;49m[43m([49m[43margs[49m[38;5;241;43m.[39;49m[43mgui[49m[43m,[49m[43m [49m[38;5;28;43mstr[39;49m[43m)[49m[43m [49m[38;5;28;43;01melse[39;49;00m[43m [49m[43margs[49m[38;5;241;43m.[39;49m[43mgui[49m[43m)[49m
[1;32m    100[0m     [38;5;28mself[39m[38;5;241m.[39m_show_matplotlib_backend(args[38;5;241m.[39mgui, backend)

File [0;32m~/anaconda3/envs/qe-mini-example/lib/python3.8/site-packages/IPython/core/interactiveshell.py:3439[0m, in [0;36mInteractiveShell.enable_matplotlib[0;34m(self, gui)[0m
[1;32m   3436[0m [38;5;28;01mfrom[39;00m [38;5;21;01mmatplotlib_inline[39;00m[38;5;21;01m.[39;00m[38;5;21;01mbackend_inline[39;00m [38;5;28;01mimport[39;00m configure_inline_support
[1;32m   3438[0m [38;5;28;01mfrom[39;00m [38;5;21;01mIPython[39;00m[38;5;21;01m.[39;00m[38;5;21;01mcore[39;00m [38;5;28;01mimport[39;00m pylabtools [38;5;28;01mas[39;00m pt
[0;32m-> 3439[0m gui, backend [38;5;241m=[39m [43mpt[49m[38;5;241;43m.[39;49m[43mfind_gui_and_backend[49m[43m([49m[43mgui[49m[43m,[49m[43m [49m[38;5;28;43mself[39;49m[38;5;241;43m.[39;49m[43mpylab_gui_select[49m[43m)[49m
[1;32m   3441[0m [38;5;28;01mif[39;00m gui [38;5;241m!=[39m [38;5;124m'[39m[38;5;124minline[39m[38;5;124m'[39m:
[1;32m   3442[0m     [38;5;66;03m# If we have our first gui selection, store it[39;00m
[1;32m   3443[0m     [38;5;28;01mif[39;00m [38;5;28mself[39m[38;5;241m.[39mpylab_gui_select [38;5;129;01mis[39;00m [38;5;28;01mNone[39;00m:

File [0;32m~/anaconda3/envs/qe-mini-example/lib/python3.8/site-packages/IPython/core/pylabtools.py:321[0m, in [0;36mfind_gui_and_backend[0;34m(gui, gui_select)[0m
[1;32m    317[0m [38;5;28;01mimport[39;00m [38;5;21;01mmatplotlib[39;00m
[1;32m    319[0m [38;5;28;01mif[39;00m gui [38;5;129;01mand[39;00m gui [38;5;241m!=[39m [38;5;124m'[39m[38;5;124mauto[39m[38;5;124m'[39m:
[1;32m    320[0m     [38;5;66;03m# select backend based on requested gui[39;00m
[0;32m--> 321[0m     backend [38;5;241m=[39m [43mbackends[49m[43m[[49m[43mgui[49m[43m][49m
[1;32m    322[0m     [38;5;28;01mif[39;00m gui [38;5;241m==[39m [38;5;124m'[39m[38;5;124magg[39m[38;5;124m'[39m:
[1;32m    323[0m         gui [38;5;241m=[39m [38;5;28;01mNone[39;00m

[0;31mKeyError[0m: 'widgets'
KeyError: 'widgets'

